

Version:	3.50
CmdLine:	C:\Users\tj-bu-702-08\Desktop\chb_backend\Tj2024_backend\backend_chb\src\boardservice10\boardservice10.exe --l4j-debug
JNI:		No
WOW64:		Yes
Working dir:	C:\Users\tj-bu-702-08\Desktop\chb_backend\Tj2024_backend\backend_chb\src\boardservice10\.
Requires JDK:	No
Requires 64-Bit: No
Java min ver:	
Java max ver:	
Substitute:	JAVA_HOME = 
Substitute:	PATH = C:\Program Files\Common Files\Oracle\Java\javapath;C:\WINDOWS\system32;C:\WINDOWS;C:\WINDOWS\System32\Wbem;C:\WINDOWS\System32\WindowsPowerShell\v1.0\;C:\WINDOWS\System32\OpenSSH\;C:\Program Files\Git\cmd;C:\Program Files\Bandizip\;C:\Users\tj-bu-702-08\AppData\Local\Microsoft\WindowsApps;C:\Users\tj-bu-702-08\AppData\Local\Programs\Microsoft VS Code\bin;C:\Program Files\Java\jdk-17\bin
JRE paths:	;C:\Program Files\Common Files\Oracle\Java\javapath;C:\WINDOWS\system32;C:\WINDOWS;C:\WINDOWS\System32\Wbem;C:\WINDOWS\System32\WindowsPowerShell\v1.0\;C:\WINDOWS\System32\OpenSSH\;C:\Program Files\Git\cmd;C:\Program Files\Bandizip\;C:\Users\tj-bu-702-08\AppData\Local\Microsoft\WindowsApps;C:\Users\tj-bu-702-08\AppData\Local\Programs\Microsoft VS Code\bin;C:\Program Files\Java\jdk-17\bin
Check launcher:	C:\Program Files\Common Files\Oracle\Java\javapath\bin\javaw.exe (not found)
Check launcher:	C:\WINDOWS\system32\bin\javaw.exe (not found)
Check launcher:	C:\WINDOWS\bin\javaw.exe (not found)
Check launcher:	C:\WINDOWS\System32\Wbem\bin\javaw.exe (not found)
Check launcher:	C:\WINDOWS\System32\WindowsPowerShell\v1.0\bin\javaw.exe (not found)
Check launcher:	C:\WINDOWS\System32\OpenSSH\bin\javaw.exe (not found)
Check launcher:	C:\Program Files\Git\cmd\bin\javaw.exe (not found)
Check launcher:	C:\Program Files\Bandizip\bin\javaw.exe (not found)
Check launcher:	C:\Users\tj-bu-702-08\AppData\Local\Microsoft\WindowsApps\bin\javaw.exe (not found)
Check launcher:	C:\Users\tj-bu-702-08\AppData\Local\Programs\Microsoft VS Code\bin\javaw.exe (not found)
Check launcher:	C:\Program Files\Java\jdk-17\bin\javaw.exe (OK)
Version string: 1.017.000_012 / 64-Bit (OK)
Launcher:	C:\Program Files\Java\jdk-17\bin\javaw.exe
Launcher args:	-jar "C:\Users\tj-bu-702-08\Desktop\chb_backend\Tj2024_backend\backend_chb\src\boardservice10\boardservice10.exe"
Args length:	113/32768 chars
Exit code:	0


Version:	3.50
CmdLine:	C:\Users\tj-bu-702-08\Desktop\chb_backend\Tj2024_backend\backend_chb\src\boardservice10\boardservice10.exe --l4j-debug
JNI:		No
WOW64:		Yes
Working dir:	C:\Users\tj-bu-702-08\Desktop\chb_backend\Tj2024_backend\backend_chb\src\boardservice10\.
Requires JDK:	No
Requires 64-Bit: No
Java min ver:	
Java max ver:	
Substitute:	JAVA_HOME = 
Substitute:	PATH = C:\Program Files\Common Files\Oracle\Java\javapath;C:\WINDOWS\system32;C:\WINDOWS;C:\WINDOWS\System32\Wbem;C:\WINDOWS\System32\WindowsPowerShell\v1.0\;C:\WINDOWS\System32\OpenSSH\;C:\Program Files\Git\cmd;C:\Program Files\Bandizip\;C:\Users\tj-bu-702-08\AppData\Local\Microsoft\WindowsApps;C:\Users\tj-bu-702-08\AppData\Local\Programs\Microsoft VS Code\bin;C:\Program Files\Java\jdk-17\bin
JRE paths:	;C:\Program Files\Common Files\Oracle\Java\javapath;C:\WINDOWS\system32;C:\WINDOWS;C:\WINDOWS\System32\Wbem;C:\WINDOWS\System32\WindowsPowerShell\v1.0\;C:\WINDOWS\System32\OpenSSH\;C:\Program Files\Git\cmd;C:\Program Files\Bandizip\;C:\Users\tj-bu-702-08\AppData\Local\Microsoft\WindowsApps;C:\Users\tj-bu-702-08\AppData\Local\Programs\Microsoft VS Code\bin;C:\Program Files\Java\jdk-17\bin
Check launcher:	C:\Program Files\Common Files\Oracle\Java\javapath\bin\javaw.exe (not found)
Check launcher:	C:\WINDOWS\system32\bin\javaw.exe (not found)
Check launcher:	C:\WINDOWS\bin\javaw.exe (not found)
Check launcher:	C:\WINDOWS\System32\Wbem\bin\javaw.exe (not found)
Check launcher:	C:\WINDOWS\System32\WindowsPowerShell\v1.0\bin\javaw.exe (not found)
Check launcher:	C:\WINDOWS\System32\OpenSSH\bin\javaw.exe (not found)
Check launcher:	C:\Program Files\Git\cmd\bin\javaw.exe (not found)
Check launcher:	C:\Program Files\Bandizip\bin\javaw.exe (not found)
Check launcher:	C:\Users\tj-bu-702-08\AppData\Local\Microsoft\WindowsApps\bin\javaw.exe (not found)
Check launcher:	C:\Users\tj-bu-702-08\AppData\Local\Programs\Microsoft VS Code\bin\javaw.exe (not found)
Check launcher:	C:\Program Files\Java\jdk-17\bin\javaw.exe (OK)
Version string: 1.017.000_012 / 64-Bit (OK)
Launcher:	C:\Program Files\Java\jdk-17\bin\javaw.exe
Launcher args:	-jar "C:\Users\tj-bu-702-08\Desktop\chb_backend\Tj2024_backend\backend_chb\src\boardservice10\boardservice10.exe"
Args length:	113/32768 chars
Exit code:	0
